<?xml version="1.0" encoding="UTF-8"?>
<testsuite name="com.iplsession.IPL2019SessionTest" tests="1" skipped="0" failures="0" errors="0" timestamp="2019-12-20T12:49:50" hostname="admin1-desktop" time="0.356">
  <properties/>
  <testcase name="givenIPL2019FactsSheetMostWickets_WhenSortedByBowlingAverageAndStrikeRate_ShouldWorstPlayerInList" classname="com.iplsession.IPL2019SessionTest" time="0.356"/>
  <system-out><![CDATA[]]></system-out>
  <system-err><![CDATA[]]></system-err>
</testsuite>
